<?xml version="1.0" encoding="UTF-8"?>
<!-- Generated by org.testng.reporters.JUnitReportReporter -->
<testsuite skipped="0" hostname="PF1QDEC8" name="com.projects.templates.testCases.TC_StoreTemplatesPageTest_002" tests="1" failures="0" timestamp="13 Feb 2020 16:49:37 GMT" time="37.352" errors="0">
  <testcase name="validateStoreElementInLineAttachmentField" time="37.352" classname="com.projects.templates.testCases.TC_StoreTemplatesPageTest_002"/>
</testsuite> <!-- com.projects.templates.testCases.TC_StoreTemplatesPageTest_002 -->
