<?xml version="1.0" encoding="UTF-8"?>
<!-- Generated by org.testng.reporters.JUnitReportReporter -->
<testsuite skipped="0" hostname="PF1QDEC8" name="com.escalations.testCases.TC_EscalationTest_002" tests="1" failures="0" timestamp="08 Jan 2020 21:22:04 GMT" time="17.126" errors="0">
  <testcase name="validateClientDropDown" time="17.126" classname="com.escalations.testCases.TC_EscalationTest_002"/>
</testsuite> <!-- com.escalations.testCases.TC_EscalationTest_002 -->
