<?xml version="1.0" encoding="UTF-8"?>
<!-- Generated by org.testng.reporters.JUnitReportReporter -->
<testsuite skipped="0" hostname="PF1QDEC8" name="com.projects.templates.testCases.AllFieldTypeTestCases" tests="1" failures="0" timestamp="25 Feb 2020 21:08:53 GMT" time="263.266" errors="0">
  <testcase name="validateStoreAllField" time="263.266" classname="com.projects.templates.testCases.AllFieldTypeTestCases"/>
</testsuite> <!-- com.projects.templates.testCases.AllFieldTypeTestCases -->
