<?xml version="1.0" encoding="UTF-8"?>
<!-- Generated by org.testng.reporters.JUnitReportReporter -->
<testsuite skipped="0" hostname="PF1QDEC8" name="com.elements.testCases.TC_ElementsPageTest_002" tests="1" failures="0" timestamp="06 Mar 2020 20:50:31 GMT" time="21.502" errors="0">
  <testcase name="validateDurationLetterElementPage" time="21.502" classname="com.elements.testCases.TC_ElementsPageTest_002"/>
</testsuite> <!-- com.elements.testCases.TC_ElementsPageTest_002 -->
