<?xml version="1.0" encoding="UTF-8"?>
<!-- Generated by org.testng.reporters.JUnitReportReporter -->
<testsuite skipped="1" hostname="PF1QDEC8" name="com.projects.activities.testCases.TC_ProgramPriorityTest_002" tests="2" failures="0" timestamp="19 Feb 2020 23:45:31 GMT" time="0.000" errors="1">
  <testcase name="createProgramPriority" time="0.000" classname="com.projects.activities.testCases.TC_ProgramPriorityTest_002">
    <skipped/>
  </testcase> <!-- createProgramPriority -->
  <testcase name="generateReport" time="0.000" classname="com.projects.activities.testCases.TC_ProgramPriorityTest_002">
    <error type="java.lang.NullPointerException">
      <![CDATA[java.lang.NullPointerExceptionat com.relevantcodes.extentreports.Report.terminate(Report.java:412)at com.relevantcodes.extentreports.ExtentReports.close(ExtentReports.java:708)at com.projects.activities.testCases.BaseClass.generateReport(BaseClass.java:150)at sun.reflect.NativeMethodAccessorImpl.invoke0(Native Method)at sun.reflect.NativeMethodAccessorImpl.invoke(NativeMethodAccessorImpl.java:62)at sun.reflect.DelegatingMethodAccessorImpl.invoke(DelegatingMethodAccessorImpl.java:43)at java.lang.reflect.Method.invoke(Method.java:498)at org.testng.internal.MethodInvocationHelper.invokeMethod(MethodInvocationHelper.java:124)at org.testng.internal.MethodInvocationHelper.invokeMethodConsideringTimeout(MethodInvocationHelper.java:59)at org.testng.internal.Invoker.invokeConfigurationMethod(Invoker.java:451)at org.testng.internal.Invoker.invokeConfigurations(Invoker.java:222)at org.testng.internal.Invoker.invokeConfigurations(Invoker.java:142)at org.testng.SuiteRunner.privateRun(SuiteRunner.java:425)at org.testng.SuiteRunner.run(SuiteRunner.java:364)at org.testng.SuiteRunnerWorker.runSuite(SuiteRunnerWorker.java:52)at org.testng.SuiteRunnerWorker.run(SuiteRunnerWorker.java:84)at org.testng.TestNG.runSuitesSequentially(TestNG.java:1187)at org.testng.TestNG.runSuitesLocally(TestNG.java:1116)at org.testng.TestNG.runSuites(TestNG.java:1028)at org.testng.TestNG.run(TestNG.java:996)at org.testng.remote.AbstractRemoteTestNG.run(AbstractRemoteTestNG.java:114)at org.testng.remote.RemoteTestNG.initAndRun(RemoteTestNG.java:251)at org.testng.remote.RemoteTestNG.main(RemoteTestNG.java:77)]]>
    </error>
  </testcase> <!-- generateReport -->
</testsuite> <!-- com.projects.activities.testCases.TC_ProgramPriorityTest_002 -->
