<?xml version="1.0" encoding="UTF-8"?>
<!-- Generated by org.testng.reporters.JUnitReportReporter -->
<testsuite skipped="0" hostname="PF1QDEC8" name="com.projects.templates.testCases.TC_StoreTemplatesPageTest_002" tests="3" failures="0" timestamp="14 Jan 2020 23:02:35 GMT" time="80.319" errors="0">
  <testcase name="validateStoreElementSignatureField" time="35.376" classname="com.projects.templates.testCases.TC_StoreTemplatesPageTest_002"/>
  <testcase name="validateStoreElementDateField" time="27.763" classname="com.projects.templates.testCases.TC_StoreTemplatesPageTest_002"/>
  <testcase name="validateStoreElementNumericField" time="17.180" classname="com.projects.templates.testCases.TC_StoreTemplatesPageTest_002"/>
</testsuite> <!-- com.projects.templates.testCases.TC_StoreTemplatesPageTest_002 -->
