<?xml version="1.0" encoding="UTF-8"?>
<!-- Generated by org.testng.reporters.JUnitReportReporter -->
<testsuite skipped="0" hostname="PF1QDEC8" name="com.projects.templates.testCases.TC_StoreTemplatesPageTest_002" tests="1" failures="0" timestamp="20 Jan 2020 20:21:21 GMT" time="13.129" errors="0">
  <testcase name="validateStoreElementNumericField" time="13.129" classname="com.projects.templates.testCases.TC_StoreTemplatesPageTest_002"/>
</testsuite> <!-- com.projects.templates.testCases.TC_StoreTemplatesPageTest_002 -->
